Started GET "/" for ::1 at 2016-07-31 19:55:40 -0500
Processing by SiteController#index as HTML
  Rendering site/index.html.erb within layouts/application
  Rendered site/index.html.erb within layouts/application (1.5ms)
Completed 200 OK in 609ms (Views: 599.1ms | ActiveRecord: 0.0ms)


Started GET "/" for ::1 at 2016-07-31 19:57:31 -0500
Processing by SiteController#index as HTML
  Rendering site/index.html.erb within layouts/application
  Rendered site/index.html.erb within layouts/application (0.4ms)
Completed 200 OK in 28ms (Views: 25.8ms | ActiveRecord: 0.0ms)


Started GET "/" for ::1 at 2016-07-31 19:57:33 -0500
Processing by SiteController#index as HTML
  Rendering site/index.html.erb within layouts/application
  Rendered site/index.html.erb within layouts/application (0.3ms)
Completed 200 OK in 19ms (Views: 17.2ms | ActiveRecord: 0.0ms)


Started GET "/" for ::1 at 2016-07-31 20:02:31 -0500
Processing by SiteController#index as HTML
  Rendering site/index.html.erb within layouts/application
  Rendered site/index.html.erb within layouts/application (0.3ms)
Completed 200 OK in 22ms (Views: 20.3ms | ActiveRecord: 0.0ms)


Started GET "/" for ::1 at 2016-07-31 20:12:52 -0500
Processing by SiteController#index as HTML
  Rendering site/index.html.erb within layouts/application
  Rendered site/index.html.erb within layouts/application (0.4ms)
Completed 200 OK in 28ms (Views: 26.2ms | ActiveRecord: 0.0ms)


Started GET "/" for ::1 at 2016-07-31 20:12:58 -0500
Processing by SiteController#index as HTML
  Rendering site/index.html.erb within layouts/application
  Rendered site/index.html.erb within layouts/application (0.7ms)
Completed 200 OK in 43ms (Views: 41.5ms | ActiveRecord: 0.0ms)


Started GET "/" for ::1 at 2016-07-31 20:12:59 -0500
Processing by SiteController#index as HTML
  Rendering site/index.html.erb within layouts/application
  Rendered site/index.html.erb within layouts/application (0.4ms)
Completed 200 OK in 43ms (Views: 41.2ms | ActiveRecord: 0.0ms)


Started GET "/" for ::1 at 2016-07-31 20:12:59 -0500
Processing by SiteController#index as HTML
  Rendering site/index.html.erb within layouts/application
  Rendered site/index.html.erb within layouts/application (0.5ms)
Completed 200 OK in 35ms (Views: 33.1ms | ActiveRecord: 0.0ms)


Started GET "/" for ::1 at 2016-07-31 20:13:00 -0500
Processing by SiteController#index as HTML
  Rendering site/index.html.erb within layouts/application
  Rendered site/index.html.erb within layouts/application (0.4ms)
Completed 200 OK in 36ms (Views: 34.3ms | ActiveRecord: 0.0ms)


Started GET "/" for ::1 at 2016-07-31 20:14:54 -0500
Processing by SiteController#index as HTML
  Rendering site/index.html.erb within layouts/application
  Rendered site/index.html.erb within layouts/application (0.3ms)
Completed 200 OK in 34ms (Views: 32.7ms | ActiveRecord: 0.0ms)


Started GET "/" for ::1 at 2016-07-31 20:15:02 -0500
Processing by SiteController#index as HTML
  Rendering site/index.html.erb within layouts/application
  Rendered site/index.html.erb within layouts/application (0.4ms)
Completed 200 OK in 25ms (Views: 23.5ms | ActiveRecord: 0.0ms)


Started GET "/" for ::1 at 2016-07-31 20:15:05 -0500
Processing by SiteController#index as HTML
  Rendering site/index.html.erb within layouts/application
  Rendered site/index.html.erb within layouts/application (0.6ms)
Completed 200 OK in 26ms (Views: 24.0ms | ActiveRecord: 0.0ms)


Started GET "/" for ::1 at 2016-07-31 20:15:32 -0500
Processing by SiteController#index as HTML
  Rendering site/index.html.erb within layouts/application
  Rendered site/index.html.erb within layouts/application (0.5ms)
Completed 200 OK in 20ms (Views: 18.9ms | ActiveRecord: 0.0ms)


Started GET "/" for ::1 at 2016-07-31 20:16:57 -0500
Processing by SiteController#index as HTML
  Rendering site/index.html.erb within layouts/application
  Rendered site/index.html.erb within layouts/application (0.4ms)
Completed 200 OK in 17ms (Views: 15.8ms | ActiveRecord: 0.0ms)


Started GET "/" for ::1 at 2016-07-31 20:17:06 -0500
Processing by SiteController#index as HTML
  Rendering site/index.html.erb within layouts/application
  Rendered site/index.html.erb within layouts/application (0.3ms)
Completed 200 OK in 18ms (Views: 16.4ms | ActiveRecord: 0.0ms)


Started GET "/" for ::1 at 2016-07-31 20:17:32 -0500
Processing by SiteController#index as HTML
  Rendering site/index.html.erb within layouts/application
  Rendered site/index.html.erb within layouts/application (0.2ms)
Completed 200 OK in 20ms (Views: 18.6ms | ActiveRecord: 0.0ms)


Started GET "/" for ::1 at 2016-07-31 20:18:00 -0500
Processing by SiteController#index as HTML
  Rendering site/index.html.erb within layouts/application
  Rendered site/index.html.erb within layouts/application (0.4ms)
Completed 200 OK in 18ms (Views: 16.1ms | ActiveRecord: 0.0ms)


Started GET "/" for ::1 at 2016-07-31 20:18:02 -0500
Processing by SiteController#index as HTML
  Rendering site/index.html.erb within layouts/application
  Rendered site/index.html.erb within layouts/application (0.3ms)
Completed 200 OK in 19ms (Views: 17.4ms | ActiveRecord: 0.0ms)


Started GET "/" for ::1 at 2016-07-31 20:20:12 -0500
Processing by SiteController#index as HTML
  Rendering site/index.html.erb within layouts/application
  Rendered site/index.html.erb within layouts/application (0.6ms)
Completed 200 OK in 19ms (Views: 17.9ms | ActiveRecord: 0.0ms)


Started GET "/" for ::1 at 2016-07-31 20:20:26 -0500
Processing by SiteController#index as HTML
  Rendering site/index.html.erb within layouts/application
  Rendered site/index.html.erb within layouts/application (0.4ms)
Completed 200 OK in 28ms (Views: 26.2ms | ActiveRecord: 0.0ms)


Started GET "/" for ::1 at 2016-07-31 20:23:02 -0500
Processing by SiteController#index as HTML
  Rendering site/index.html.erb within layouts/application
  Rendered site/index.html.erb within layouts/application (0.5ms)
Completed 200 OK in 29ms (Views: 27.4ms | ActiveRecord: 0.0ms)


Started GET "/" for ::1 at 2016-07-31 20:23:49 -0500
Processing by SiteController#index as HTML
  Rendering site/index.html.erb within layouts/application
  Rendered site/index.html.erb within layouts/application (0.3ms)
Completed 200 OK in 19ms (Views: 17.3ms | ActiveRecord: 0.0ms)


Started GET "/" for ::1 at 2016-07-31 20:25:11 -0500
Processing by SiteController#index as HTML
  Rendering site/index.html.erb within layouts/application
  Rendered site/index.html.erb within layouts/application (0.3ms)
Completed 200 OK in 20ms (Views: 17.9ms | ActiveRecord: 0.0ms)


  [1m[35m (1.9ms)[0m  [1m[35mCREATE TABLE "schema_migrations" ("version" varchar NOT NULL PRIMARY KEY)[0m
  [1m[35m (1.7ms)[0m  [1m[35mCREATE TABLE "ar_internal_metadata" ("key" varchar NOT NULL PRIMARY KEY, "value" varchar, "created_at" datetime NOT NULL, "updated_at" datetime NOT NULL)[0m
  [1m[36mActiveRecord::SchemaMigration Load (0.2ms)[0m  [1m[34mSELECT "schema_migrations".* FROM "schema_migrations"[0m
Migrating to CreateLists (20160801013805)
  [1m[35m (0.1ms)[0m  [1m[36mbegin transaction[0m
  [1m[35m (0.4ms)[0m  [1m[35mCREATE TABLE "lists" ("id" INTEGER PRIMARY KEY AUTOINCREMENT NOT NULL, "name" varchar, "created_at" datetime NOT NULL, "updated_at" datetime NOT NULL)[0m
  [1m[35mSQL (0.2ms)[0m  [1m[32mINSERT INTO "schema_migrations" ("version") VALUES (?)[0m  [["version", "20160801013805"]]
  [1m[35m (0.6ms)[0m  [1m[36mcommit transaction[0m
  [1m[36mActiveRecord::InternalMetadata Load (0.4ms)[0m  [1m[34mSELECT  "ar_internal_metadata".* FROM "ar_internal_metadata" WHERE "ar_internal_metadata"."key" = ? LIMIT ?[0m  [["key", :environment], ["LIMIT", 1]]
  [1m[35m (0.1ms)[0m  [1m[36mbegin transaction[0m
  [1m[35mSQL (0.3ms)[0m  [1m[32mINSERT INTO "ar_internal_metadata" ("key", "value", "created_at", "updated_at") VALUES (?, ?, ?, ?)[0m  [["key", "environment"], ["value", "development"], ["created_at", 2016-08-01 01:39:39 UTC], ["updated_at", 2016-08-01 01:39:39 UTC]]
  [1m[35m (0.6ms)[0m  [1m[36mcommit transaction[0m
  [1m[36mActiveRecord::SchemaMigration Load (0.5ms)[0m  [1m[34mSELECT "schema_migrations".* FROM "schema_migrations"[0m
  [1m[35m (0.1ms)[0m  [1m[36mbegin transaction[0m
  [1m[35mSQL (0.5ms)[0m  [1m[32mINSERT INTO "lists" ("name", "created_at", "updated_at") VALUES (?, ?, ?)[0m  [["name", "First list from c"], ["created_at", 2016-08-01 01:39:59 UTC], ["updated_at", 2016-08-01 01:39:59 UTC]]
  [1m[35m (1.5ms)[0m  [1m[36mcommit transaction[0m
Started GET "/" for ::1 at 2016-07-31 20:42:08 -0500
  [1m[36mActiveRecord::SchemaMigration Load (0.2ms)[0m  [1m[34mSELECT "schema_migrations".* FROM "schema_migrations"[0m
Processing by ListsController#index as HTML
  Rendering lists/index.html.erb within layouts/application
  Rendered lists/index.html.erb within layouts/application (0.3ms)
Completed 200 OK in 119ms (Views: 117.5ms | ActiveRecord: 0.0ms)


Started GET "/" for ::1 at 2016-07-31 20:48:10 -0500
Processing by ListsController#index as HTML
  [1m[36mList Load (0.3ms)[0m  [1m[34mSELECT "lists".* FROM "lists"[0m
Completed 500 Internal Server Error in 10ms (ActiveRecord: 0.7ms)


  
RuntimeError (#<ActiveRecord::Relation [#<List id: 1, name: "First list from c", created_at: "2016-08-01 01:39:59", updated_at: "2016-08-01 01:39:59">]>):
  
app/controllers/lists_controller.rb:6:in `index'
  Rendering /Users/kaileegray/.rvm/gems/ruby-2.2.3/gems/actionpack-5.0.0/lib/action_dispatch/middleware/templates/rescues/diagnostics.html.erb within rescues/layout
  Rendering /Users/kaileegray/.rvm/gems/ruby-2.2.3/gems/actionpack-5.0.0/lib/action_dispatch/middleware/templates/rescues/_source.html.erb
  Rendered /Users/kaileegray/.rvm/gems/ruby-2.2.3/gems/actionpack-5.0.0/lib/action_dispatch/middleware/templates/rescues/_source.html.erb (4.6ms)
  Rendering /Users/kaileegray/.rvm/gems/ruby-2.2.3/gems/actionpack-5.0.0/lib/action_dispatch/middleware/templates/rescues/_trace.html.erb
  Rendered /Users/kaileegray/.rvm/gems/ruby-2.2.3/gems/actionpack-5.0.0/lib/action_dispatch/middleware/templates/rescues/_trace.html.erb (2.9ms)
  Rendering /Users/kaileegray/.rvm/gems/ruby-2.2.3/gems/actionpack-5.0.0/lib/action_dispatch/middleware/templates/rescues/_request_and_response.html.erb
  Rendered /Users/kaileegray/.rvm/gems/ruby-2.2.3/gems/actionpack-5.0.0/lib/action_dispatch/middleware/templates/rescues/_request_and_response.html.erb (0.8ms)
  Rendered /Users/kaileegray/.rvm/gems/ruby-2.2.3/gems/actionpack-5.0.0/lib/action_dispatch/middleware/templates/rescues/diagnostics.html.erb within rescues/layout (65.9ms)
Started GET "/" for ::1 at 2016-07-31 20:48:44 -0500
Processing by ListsController#index as HTML
  Rendering lists/index.html.erb within layouts/application
  [1m[36mList Load (0.2ms)[0m  [1m[34mSELECT "lists".* FROM "lists"[0m
  Rendered lists/index.html.erb within layouts/application (5.0ms)
Completed 200 OK in 35ms (Views: 30.3ms | ActiveRecord: 0.6ms)


Started GET "/" for ::1 at 2016-07-31 20:52:50 -0500
Processing by ListsController#index as HTML
  Rendering lists/index.html.erb within layouts/application
  [1m[36mList Load (0.4ms)[0m  [1m[34mSELECT "lists".* FROM "lists"[0m
  Rendered lists/index.html.erb within layouts/application (10.3ms)
Completed 200 OK in 45ms (Views: 38.8ms | ActiveRecord: 1.5ms)


Started GET "/" for ::1 at 2016-07-31 20:52:50 -0500
Processing by ListsController#index as HTML
  Rendering lists/index.html.erb within layouts/application
  [1m[36mList Load (0.2ms)[0m  [1m[34mSELECT "lists".* FROM "lists"[0m
  Rendered lists/index.html.erb within layouts/application (1.3ms)
Completed 200 OK in 28ms (Views: 26.0ms | ActiveRecord: 0.2ms)


Started GET "/" for ::1 at 2016-07-31 20:52:50 -0500
Processing by ListsController#index as HTML
  Rendering lists/index.html.erb within layouts/application
  [1m[36mList Load (0.1ms)[0m  [1m[34mSELECT "lists".* FROM "lists"[0m
  Rendered lists/index.html.erb within layouts/application (1.0ms)
Completed 200 OK in 22ms (Views: 20.2ms | ActiveRecord: 0.1ms)


Started GET "/lists/1" for ::1 at 2016-07-31 20:52:51 -0500
Processing by ListsController#show as HTML
  Parameters: {"id"=>"1"}
  Rendering lists/show.html.erb within layouts/application
  Rendered lists/show.html.erb within layouts/application (0.3ms)
Completed 200 OK in 25ms (Views: 22.9ms | ActiveRecord: 0.0ms)


Started GET "/" for ::1 at 2016-07-31 21:00:21 -0500
Processing by ListsController#index as HTML
  Rendering lists/index.html.erb within layouts/application
  [1m[36mList Load (1.0ms)[0m  [1m[34mSELECT "lists".* FROM "lists"[0m
  Rendered lists/index.html.erb within layouts/application (15.5ms)
Completed 200 OK in 78ms (Views: 66.8ms | ActiveRecord: 1.8ms)


Started GET "/" for ::1 at 2016-07-31 21:15:04 -0500
Processing by ListsController#index as HTML
  Rendering lists/index.html.erb within layouts/application
  [1m[36mList Load (0.7ms)[0m  [1m[34mSELECT "lists".* FROM "lists"[0m
  Rendered lists/index.html.erb within layouts/application (13.7ms)
Completed 200 OK in 80ms (Views: 71.7ms | ActiveRecord: 0.7ms)


  [1m[35m (0.1ms)[0m  [1m[36mbegin transaction[0m
  [1m[35mSQL (0.4ms)[0m  [1m[32mINSERT INTO "lists" ("name", "created_at", "updated_at") VALUES (?, ?, ?)[0m  [["name", "Shopping List"], ["created_at", 2016-08-01 16:31:34 UTC], ["updated_at", 2016-08-01 16:31:34 UTC]]
  [1m[35m (0.7ms)[0m  [1m[36mcommit transaction[0m
Started GET "/" for ::1 at 2016-08-01 11:31:51 -0500
Processing by ListsController#index as HTML
  Rendering lists/index.html.erb within layouts/application
  [1m[36mList Load (0.8ms)[0m  [1m[34mSELECT "lists".* FROM "lists"[0m
  Rendered lists/index.html.erb within layouts/application (12.6ms)
Completed 200 OK in 71ms (Views: 61.5ms | ActiveRecord: 0.8ms)


Started GET "/lists/1" for ::1 at 2016-08-01 11:34:55 -0500
Processing by ListsController#show as HTML
  Parameters: {"id"=>"1"}
  Rendering lists/show.html.erb within layouts/application
  Rendered lists/show.html.erb within layouts/application (5.3ms)
Completed 500 Internal Server Error in 14ms (ActiveRecord: 0.0ms)


  
ActionView::Template::Error (undefined method `each' for nil:NilClass):
     6: 
     7: 	<section class="main">
     8: 		<ul class="todo-list">
     9:       <%@lists.each do |list|%>
    10:         <li>
    11:           <div class="view">
    12:             <label>Milk</label>
  
app/views/lists/show.html.erb:9:in `_app_views_lists_show_html_erb___2381641870292024808_70131523931820'
  Rendering /Users/kaileegray/.rvm/gems/ruby-2.2.3/gems/actionpack-5.0.0/lib/action_dispatch/middleware/templates/rescues/template_error.html.erb within rescues/layout
  Rendering /Users/kaileegray/.rvm/gems/ruby-2.2.3/gems/actionpack-5.0.0/lib/action_dispatch/middleware/templates/rescues/_source.html.erb
  Rendered /Users/kaileegray/.rvm/gems/ruby-2.2.3/gems/actionpack-5.0.0/lib/action_dispatch/middleware/templates/rescues/_source.html.erb (6.4ms)
  Rendering /Users/kaileegray/.rvm/gems/ruby-2.2.3/gems/actionpack-5.0.0/lib/action_dispatch/middleware/templates/rescues/_trace.html.erb
  Rendered /Users/kaileegray/.rvm/gems/ruby-2.2.3/gems/actionpack-5.0.0/lib/action_dispatch/middleware/templates/rescues/_trace.html.erb (3.4ms)
  Rendering /Users/kaileegray/.rvm/gems/ruby-2.2.3/gems/actionpack-5.0.0/lib/action_dispatch/middleware/templates/rescues/_request_and_response.html.erb
  Rendered /Users/kaileegray/.rvm/gems/ruby-2.2.3/gems/actionpack-5.0.0/lib/action_dispatch/middleware/templates/rescues/_request_and_response.html.erb (1.4ms)
  Rendered /Users/kaileegray/.rvm/gems/ruby-2.2.3/gems/actionpack-5.0.0/lib/action_dispatch/middleware/templates/rescues/template_error.html.erb within rescues/layout (65.5ms)
Started GET "/lists/1" for ::1 at 2016-08-01 11:35:07 -0500
Processing by ListsController#show as HTML
  Parameters: {"id"=>"1"}
  Rendering lists/show.html.erb within layouts/application
  Rendered lists/show.html.erb within layouts/application (0.4ms)
Completed 200 OK in 26ms (Views: 24.2ms | ActiveRecord: 0.0ms)


Started GET "/lists/1" for ::1 at 2016-08-01 11:38:21 -0500
Processing by ListsController#show as HTML
  Parameters: {"id"=>"1"}
  [1m[36mList Load (0.2ms)[0m  [1m[34mSELECT  "lists".* FROM "lists" WHERE "lists"."id" = ? LIMIT ?[0m  [["id", 1], ["LIMIT", 1]]
  Rendering lists/show.html.erb within layouts/application
  Rendered lists/show.html.erb within layouts/application (0.6ms)
Completed 200 OK in 36ms (Views: 19.2ms | ActiveRecord: 1.1ms)


Started GET "/lists/1" for ::1 at 2016-08-01 11:38:33 -0500
Processing by ListsController#show as HTML
  Parameters: {"id"=>"1"}
  [1m[36mList Load (0.2ms)[0m  [1m[34mSELECT  "lists".* FROM "lists" WHERE "lists"."id" = ? LIMIT ?[0m  [["id", 1], ["LIMIT", 1]]
  Rendering lists/show.html.erb within layouts/application
  Rendered lists/show.html.erb within layouts/application (0.6ms)
Completed 200 OK in 20ms (Views: 17.4ms | ActiveRecord: 0.2ms)


Started GET "/lists/2" for ::1 at 2016-08-01 11:38:33 -0500
Processing by ListsController#show as HTML
  Parameters: {"id"=>"2"}
  [1m[36mList Load (0.3ms)[0m  [1m[34mSELECT  "lists".* FROM "lists" WHERE "lists"."id" = ? LIMIT ?[0m  [["id", 2], ["LIMIT", 1]]
  Rendering lists/show.html.erb within layouts/application
  Rendered lists/show.html.erb within layouts/application (0.4ms)
Completed 200 OK in 19ms (Views: 16.7ms | ActiveRecord: 0.3ms)


Started GET "/lists/2" for ::1 at 2016-08-01 11:44:47 -0500
Processing by ListsController#show as HTML
  Parameters: {"id"=>"2"}
  [1m[36mList Load (0.1ms)[0m  [1m[34mSELECT  "lists".* FROM "lists" WHERE "lists"."id" = ? LIMIT ?[0m  [["id", 2], ["LIMIT", 1]]
  Rendering lists/show.html.erb within layouts/application
  Rendered lists/show.html.erb within layouts/application (0.4ms)
Completed 200 OK in 27ms (Views: 24.3ms | ActiveRecord: 0.1ms)


Started GET "/lists/1" for ::1 at 2016-08-01 11:44:55 -0500
Processing by ListsController#show as HTML
  Parameters: {"id"=>"1"}
  [1m[36mList Load (0.1ms)[0m  [1m[34mSELECT  "lists".* FROM "lists" WHERE "lists"."id" = ? LIMIT ?[0m  [["id", 1], ["LIMIT", 1]]
  Rendering lists/show.html.erb within layouts/application
  Rendered lists/show.html.erb within layouts/application (0.6ms)
Completed 200 OK in 30ms (Views: 27.8ms | ActiveRecord: 0.1ms)


Started GET "/" for ::1 at 2016-08-01 11:44:56 -0500
Processing by ListsController#index as HTML
  Rendering lists/index.html.erb within layouts/application
  [1m[36mList Load (0.2ms)[0m  [1m[34mSELECT "lists".* FROM "lists"[0m
  Rendered lists/index.html.erb within layouts/application (3.2ms)
Started GET "/" for ::1 at 2016-08-01 11:44:56 -0500
Processing by ListsController#index as HTML
  Rendering lists/index.html.erb within layouts/application
Completed 200 OK in 34ms (Views: 32.6ms | ActiveRecord: 0.2ms)


  [1m[36mList Load (0.2ms)[0m  [1m[34mSELECT "lists".* FROM "lists"[0m
  Rendered lists/index.html.erb within layouts/application (2.5ms)
Completed 200 OK in 35ms (Views: 31.2ms | ActiveRecord: 0.2ms)


Started GET "/lists/2" for ::1 at 2016-08-01 11:46:28 -0500
Processing by ListsController#show as HTML
  Parameters: {"id"=>"2"}
  [1m[36mList Load (0.2ms)[0m  [1m[34mSELECT  "lists".* FROM "lists" WHERE "lists"."id" = ? LIMIT ?[0m  [["id", 2], ["LIMIT", 1]]
  Rendering lists/show.html.erb within layouts/application
  Rendered lists/show.html.erb within layouts/application (1.0ms)
Completed 200 OK in 39ms (Views: 32.7ms | ActiveRecord: 0.2ms)


Started GET "/lists/1" for ::1 at 2016-08-01 11:46:31 -0500
Processing by ListsController#show as HTML
  Parameters: {"id"=>"1"}
  [1m[36mList Load (0.2ms)[0m  [1m[34mSELECT  "lists".* FROM "lists" WHERE "lists"."id" = ? LIMIT ?[0m  [["id", 1], ["LIMIT", 1]]
  Rendering lists/show.html.erb within layouts/application
  Rendered lists/show.html.erb within layouts/application (0.8ms)
Completed 200 OK in 27ms (Views: 24.1ms | ActiveRecord: 0.2ms)


Started GET "/" for ::1 at 2016-08-01 11:47:40 -0500
Processing by ListsController#index as HTML
  Rendering lists/index.html.erb within layouts/application
  Rendered lists/index.html.erb within layouts/application (0.9ms)
Completed 500 Internal Server Error in 13ms (ActiveRecord: 0.7ms)


  
SyntaxError (/Users/kaileegray/Development/code/todo-mvc-lv/app/views/lists/index.html.erb:5: syntax error, unexpected keyword_do, expecting ')'
...ffer.append=  form_for(@list do |f|@output_buffer.safe_appen...
...                               ^
/Users/kaileegray/Development/code/todo-mvc-lv/app/views/lists/index.html.erb:27: syntax error, unexpected keyword_ensure, expecting end-of-input):
  
app/views/lists/index.html.erb:5: syntax error, unexpected keyword_do, expecting ')'
app/views/lists/index.html.erb:27: syntax error, unexpected keyword_ensure, expecting end-of-input
  Rendering /Users/kaileegray/.rvm/gems/ruby-2.2.3/gems/actionpack-5.0.0/lib/action_dispatch/middleware/templates/rescues/diagnostics.html.erb within rescues/layout
  Rendering /Users/kaileegray/.rvm/gems/ruby-2.2.3/gems/actionpack-5.0.0/lib/action_dispatch/middleware/templates/rescues/_source.html.erb
  Rendered /Users/kaileegray/.rvm/gems/ruby-2.2.3/gems/actionpack-5.0.0/lib/action_dispatch/middleware/templates/rescues/_source.html.erb (7.2ms)
  Rendering /Users/kaileegray/.rvm/gems/ruby-2.2.3/gems/actionpack-5.0.0/lib/action_dispatch/middleware/templates/rescues/_trace.html.erb
  Rendered /Users/kaileegray/.rvm/gems/ruby-2.2.3/gems/actionpack-5.0.0/lib/action_dispatch/middleware/templates/rescues/_trace.html.erb (2.8ms)
  Rendering /Users/kaileegray/.rvm/gems/ruby-2.2.3/gems/actionpack-5.0.0/lib/action_dispatch/middleware/templates/rescues/_request_and_response.html.erb
  Rendered /Users/kaileegray/.rvm/gems/ruby-2.2.3/gems/actionpack-5.0.0/lib/action_dispatch/middleware/templates/rescues/_request_and_response.html.erb (0.8ms)
  Rendered /Users/kaileegray/.rvm/gems/ruby-2.2.3/gems/actionpack-5.0.0/lib/action_dispatch/middleware/templates/rescues/diagnostics.html.erb within rescues/layout (65.1ms)
Started GET "/" for ::1 at 2016-08-01 11:47:53 -0500
Processing by ListsController#index as HTML
  Rendering lists/index.html.erb within layouts/application
  [1m[36mList Load (0.2ms)[0m  [1m[34mSELECT "lists".* FROM "lists"[0m
  Rendered lists/index.html.erb within layouts/application (24.0ms)
Completed 200 OK in 45ms (Views: 42.7ms | ActiveRecord: 0.2ms)


Started GET "/?utf8=%E2%9C%93&authenticity_token=5Jg1vB7rMYARwvKOHoNswoSzuRaMPPSnJLmQI%2Bmd%2F0V3z8hyKyt79fMvFicb2ajzyeq3gFCCE63IY%2BPqXCF7vg%3D%3D&list%5Bname%5D=Todo+in+ProCon" for ::1 at 2016-08-01 11:48:08 -0500
Processing by ListsController#index as HTML
  Parameters: {"utf8"=>"✓", "authenticity_token"=>"5Jg1vB7rMYARwvKOHoNswoSzuRaMPPSnJLmQI+md/0V3z8hyKyt79fMvFicb2ajzyeq3gFCCE63IY+PqXCF7vg==", "list"=>{"name"=>"Todo in ProCon"}}
  Rendering lists/index.html.erb within layouts/application
  [1m[36mList Load (0.2ms)[0m  [1m[34mSELECT "lists".* FROM "lists"[0m
  Rendered lists/index.html.erb within layouts/application (2.3ms)
Completed 200 OK in 21ms (Views: 19.3ms | ActiveRecord: 0.2ms)


Started GET "/?utf8=%E2%9C%93&authenticity_token=5Jg1vB7rMYARwvKOHoNswoSzuRaMPPSnJLmQI%2Bmd%2F0V3z8hyKyt79fMvFicb2ajzyeq3gFCCE63IY%2BPqXCF7vg%3D%3D&list%5Bname%5D=Todo+in+ProCon" for ::1 at 2016-08-01 11:48:11 -0500
Processing by ListsController#index as HTML
  Parameters: {"utf8"=>"✓", "authenticity_token"=>"5Jg1vB7rMYARwvKOHoNswoSzuRaMPPSnJLmQI+md/0V3z8hyKyt79fMvFicb2ajzyeq3gFCCE63IY+PqXCF7vg==", "list"=>{"name"=>"Todo in ProCon"}}
  Rendering lists/index.html.erb within layouts/application
  [1m[36mList Load (0.2ms)[0m  [1m[34mSELECT "lists".* FROM "lists"[0m
  Rendered lists/index.html.erb within layouts/application (2.2ms)
Completed 200 OK in 24ms (Views: 21.3ms | ActiveRecord: 0.2ms)


Started GET "/?utf8=%E2%9C%93&authenticity_token=SYyjhp6k%2BHGYUi%2BhIiqTx1wwF7Q3EsGvVoB%2FUOXO%2FNPa215Iq2SyBHq%2FywgncFf2EWkZIuusJqW6WgyZUHJ4KA%3D%3D&list%5Bname%5D=test" for ::1 at 2016-08-01 11:49:48 -0500
Processing by ListsController#index as HTML
  Parameters: {"utf8"=>"✓", "authenticity_token"=>"SYyjhp6k+HGYUi+hIiqTx1wwF7Q3EsGvVoB/UOXO/NPa215Iq2SyBHq/ywgncFf2EWkZIuusJqW6WgyZUHJ4KA==", "list"=>{"name"=>"test"}}
  Rendering lists/index.html.erb within layouts/application
  [1m[36mList Load (0.1ms)[0m  [1m[34mSELECT "lists".* FROM "lists"[0m
  Rendered lists/index.html.erb within layouts/application (2.3ms)
Completed 200 OK in 30ms (Views: 21.0ms | ActiveRecord: 1.1ms)


Started GET "/?utf8=%E2%9C%93&authenticity_token=TKERELOk8BG7MpJ%2Bw%2Bay0Ko21GDGR2LZgzv5io7dKaff9uzehmS6ZFnfdtfGvHbh52%2Fa9hr5hdNv4YpDO2GtXA%3D%3D&list%5Bname%5D=test" for ::1 at 2016-08-01 11:50:46 -0500
Processing by ListsController#index as HTML
  Parameters: {"utf8"=>"✓", "authenticity_token"=>"TKERELOk8BG7MpJ+w+ay0Ko21GDGR2LZgzv5io7dKaff9uzehmS6ZFnfdtfGvHbh52/a9hr5hdNv4YpDO2GtXA==", "list"=>{"name"=>"test"}}
  Rendering lists/index.html.erb within layouts/application
  [1m[36mList Load (0.2ms)[0m  [1m[34mSELECT "lists".* FROM "lists"[0m
  Rendered lists/index.html.erb within layouts/application (2.4ms)
Completed 200 OK in 45ms (Views: 37.0ms | ActiveRecord: 0.7ms)


